0 info it worked if it ends with ok
1 verbose cli [ '/home/walter/.nvm/v0.10.38/bin/node',
1 verbose cli   '/home/walter/.nvm/v0.10.38/bin/npm',
1 verbose cli   'install',
1 verbose cli   '@4.8',
1 verbose cli   '--save' ]
2 info using npm@1.4.28
3 info using node@v0.10.38
4 warn package.json contatooh@1.0.0 No description
5 warn package.json contatooh@1.0.0 No repository field.
6 warn package.json contatooh@1.0.0 No README data
7 verbose readDependencies using package.json deps
8 verbose cache add [ '@4.8', null ]
9 verbose cache add name=undefined spec="@4.8" args=["@4.8",null]
10 verbose parsed url { protocol: null,
10 verbose parsed url   slashes: null,
10 verbose parsed url   auth: null,
10 verbose parsed url   host: null,
10 verbose parsed url   port: null,
10 verbose parsed url   hostname: null,
10 verbose parsed url   hash: null,
10 verbose parsed url   search: null,
10 verbose parsed url   query: null,
10 verbose parsed url   pathname: '@4.8',
10 verbose parsed url   path: '@4.8',
10 verbose parsed url   href: '@4.8' }
11 verbose cache add name="" spec="4.8" args=["","4.8"]
12 verbose parsed url { protocol: null,
12 verbose parsed url   slashes: null,
12 verbose parsed url   auth: null,
12 verbose parsed url   host: null,
12 verbose parsed url   port: null,
12 verbose parsed url   hostname: null,
12 verbose parsed url   hash: null,
12 verbose parsed url   search: null,
12 verbose parsed url   query: null,
12 verbose parsed url   pathname: '4.8',
12 verbose parsed url   path: '4.8',
12 verbose parsed url   href: '4.8' }
13 silly lockFile e2607f6b-4-8 4.8
14 verbose lock 4.8 /home/walter/.npm/e2607f6b-4-8.lock
15 silly lockFile e2607f6b-4-8 4.8
16 silly lockFile e2607f6b-4-8 4.8
17 verbose addNamed [ '4.8', '' ]
18 verbose addNamed [ null, '*' ]
19 silly lockFile c5dd2cc5-4-8 4.8@
20 verbose lock 4.8@ /home/walter/.npm/c5dd2cc5-4-8.lock
21 silly addNameRange { name: '4.8', range: '*', hasData: false }
22 verbose request where is /4.8
23 verbose request registry https://registry.npmjs.org/
24 verbose request id 023e1186a80a6e98
25 verbose url raw /4.8
26 verbose url resolving [ 'https://registry.npmjs.org/', './4.8' ]
27 verbose url resolved https://registry.npmjs.org/4.8
28 verbose request where is https://registry.npmjs.org/4.8
29 info trying registry request attempt 1 at 21:37:08
30 http GET https://registry.npmjs.org/4.8
31 http 404 https://registry.npmjs.org/4.8
32 silly registry.get cb [ 404,
32 silly registry.get   { 'content-type': 'application/json',
32 silly registry.get     'cache-control': 'max-age=0',
32 silly registry.get     'content-length': '2',
32 silly registry.get     'accept-ranges': 'bytes',
32 silly registry.get     date: 'Wed, 20 Jan 2016 00:37:10 GMT',
32 silly registry.get     via: '1.1 varnish',
32 silly registry.get     age: '0',
32 silly registry.get     connection: 'keep-alive',
32 silly registry.get     'x-served-by': 'cache-jfk1037-JFK',
32 silly registry.get     'x-cache': 'MISS',
32 silly registry.get     'x-cache-hits': '0',
32 silly registry.get     'x-timer': 'S1453250230.836706,VS0,VE81' } ]
33 silly lockFile c5dd2cc5-4-8 4.8@
34 silly lockFile c5dd2cc5-4-8 4.8@
35 error 404 Not Found
35 error 404
35 error 404 '4.8' is not in the npm registry.
35 error 404 You should bug the author to publish it
35 error 404 It was specified as a dependency of 'contatooh'
35 error 404
35 error 404 Note that you can also install from a
35 error 404 tarball, folder, or http url, or git url.
36 error System Linux 4.2.0-23-generic
37 error command "/home/walter/.nvm/v0.10.38/bin/node" "/home/walter/.nvm/v0.10.38/bin/npm" "install" "@4.8" "--save"
38 error cwd /media/walter/ARQUIVOS/workspace/mean/contatooh
39 error node -v v0.10.38
40 error npm -v 1.4.28
41 error code E404
42 verbose exit [ 1, true ]
